<?xml version="1.0" encoding="UTF-8"?>
<robot generator="Robot 7.2.2 (Python 3.14.5 on win32)" generated="2026-07-04T22:42:09.416602" rpa="false" schemaversion="5">
<suite id="s1" name="Automacao" source="C:\Users\Batel\Documents\github\case-automacao\1 - Web\tests\automacao.robot">
<test id="s1-t1" name="CT01 - Acessar a home page após login" line="7">
<kw name="Open SauceDemo Login Page" owner="steps" type="SETUP">
<kw name="Evaluate" owner="BuiltIn">
<msg time="2026-07-04T22:42:09.645187" level="INFO">${options} = &lt;selenium.webdriver.chrome.options.Options object at 0x000002278590C6E0&gt;</msg>
<var>${options}</var>
<arg>sys.modules['selenium.webdriver'].ChromeOptions()</arg>
<arg>sys</arg>
<doc>Evaluates the given expression in Python and returns the result.</doc>
<status status="PASS" start="2026-07-04T22:42:09.644932" elapsed="0.000288"/>
</kw>
<kw name="Call Method" owner="BuiltIn">
<arg>${options}</arg>
<arg>add_argument</arg>
<arg>--disable-features\=PasswordLeakDetection</arg>
<doc>Calls the named method of the given object with the provided arguments.</doc>
<status status="PASS" start="2026-07-04T22:42:09.645340" elapsed="0.000132"/>
</kw>
<kw name="Call Method" owner="BuiltIn">
<arg>${options}</arg>
<arg>add_argument</arg>
<arg>--disable-save-password-bubble</arg>
<doc>Calls the named method of the given object with the provided arguments.</doc>
<status status="PASS" start="2026-07-04T22:42:09.645560" elapsed="0.000092"/>
</kw>
<kw name="Call Method" owner="BuiltIn">
<arg>${options}</arg>
<arg>add_argument</arg>
<arg>--disable-password-manager-reauthentication</arg>
<doc>Calls the named method of the given object with the provided arguments.</doc>
<status status="PASS" start="2026-07-04T22:42:09.645727" elapsed="0.000086"/>
</kw>
<kw name="Call Method" owner="BuiltIn">
<arg>${options}</arg>
<arg>add_argument</arg>
<arg>--headless\=new</arg>
<doc>Calls the named method of the given object with the provided arguments.</doc>
<status status="PASS" start="2026-07-04T22:42:09.645884" elapsed="0.000098"/>
</kw>
<kw name="Call Method" owner="BuiltIn">
<arg>${options}</arg>
<arg>add_argument</arg>
<arg>--no-sandbox</arg>
<doc>Calls the named method of the given object with the provided arguments.</doc>
<status status="PASS" start="2026-07-04T22:42:09.646055" elapsed="0.000082"/>
</kw>
<kw name="Call Method" owner="BuiltIn">
<arg>${options}</arg>
<arg>add_argument</arg>
<arg>--disable-dev-shm-usage</arg>
<doc>Calls the named method of the given object with the provided arguments.</doc>
<status status="PASS" start="2026-07-04T22:42:09.646205" elapsed="0.000079"/>
</kw>
<kw name="Call Method" owner="BuiltIn">
<arg>${options}</arg>
<arg>add_argument</arg>
<arg>--window-size\=1920,1080</arg>
<doc>Calls the named method of the given object with the provided arguments.</doc>
<status status="PASS" start="2026-07-04T22:42:09.646351" elapsed="0.000114"/>
</kw>
<kw name="Open Browser" owner="SeleniumLibrary">
<msg time="2026-07-04T22:42:09.646805" level="INFO">Opening browser 'chrome' to base url 'https://www.saucedemo.com/'.</msg>
<arg>${BASE_URL}</arg>
<arg>browser=${BROWSER}</arg>
<arg>options=${options}</arg>
<doc>Opens a new browser instance to the optional ``url``.</doc>
<status status="PASS" start="2026-07-04T22:42:09.646579" elapsed="2.308983"/>
</kw>
<kw name="Maximize Browser Window" owner="SeleniumLibrary">
<doc>Maximizes current browser window.</doc>
<status status="PASS" start="2026-07-04T22:42:11.955744" elapsed="0.016891"/>
</kw>
<kw name="Wait Until Page Contains Element" owner="SeleniumLibrary">
<arg>${USERNAME_INPUT}</arg>
<doc>Waits until the element ``locator`` appears on the current page.</doc>
<status status="PASS" start="2026-07-04T22:42:11.972804" elapsed="0.007509"/>
</kw>
<kw name="Take Screenshot Step" owner="steps">
<kw name="Create Directory" owner="OperatingSystem">
<msg time="2026-07-04T22:42:11.981714" level="INFO" html="true">Created directory '&lt;a href="file://C:\Users\Batel\Documents\github\case-automacao\1 - Web\results\screenshots"&gt;C:\Users\Batel\Documents\github\case-automacao\1 - Web\results\screenshots&lt;/a&gt;'.</msg>
<arg>${SCREENSHOT_DIR}</arg>
<doc>Creates the specified directory.</doc>
<status status="PASS" start="2026-07-04T22:42:11.980840" elapsed="0.000943"/>
</kw>
<kw name="Capture Page Screenshot" owner="SeleniumLibrary">
<msg time="2026-07-04T22:42:12.011239" level="INFO" html="true">&lt;/td&gt;&lt;/tr&gt;&lt;tr&gt;&lt;td colspan="3"&gt;&lt;a href="results/screenshots/login_page.png"&gt;&lt;img src="results/screenshots/login_page.png" width="800px"&gt;&lt;/a&gt;</msg>
<arg>${SCREENSHOT_DIR}/${name}.png</arg>
<doc>Takes a screenshot of the current page and embeds it into a log file.</doc>
<status status="PASS" start="2026-07-04T22:42:11.981903" elapsed="0.029436"/>
</kw>
<arg>login_page</arg>
<status status="PASS" start="2026-07-04T22:42:11.980546" elapsed="0.030892"/>
</kw>
<status status="PASS" start="2026-07-04T22:42:09.644342" elapsed="2.367213"/>
</kw>
<kw name="Realizar login com credenciais válidas" owner="steps">
<kw name="Input Text" owner="SeleniumLibrary">
<msg time="2026-07-04T22:42:12.012436" level="INFO">Typing text 'standard_user' into text field 'id:user-name'.</msg>
<arg>${USERNAME_INPUT}</arg>
<arg>${USERNAME}</arg>
<doc>Types the given ``text`` into the text field identified by ``locator``.</doc>
<status status="PASS" start="2026-07-04T22:42:12.012109" elapsed="0.057892"/>
</kw>
<kw name="Input Password" owner="SeleniumLibrary">
<msg time="2026-07-04T22:42:12.070428" level="INFO">Typing password into text field 'id:password'.</msg>
<msg time="2026-07-04T22:42:12.087997" level="INFO">Temporally setting log level to: NONE</msg>
<arg>${PASSWORD_INPUT}</arg>
<arg>${PASSWORD}</arg>
<doc>Types the given password into the text field identified by ``locator``.</doc>
<status status="PASS" start="2026-07-04T22:42:12.070170" elapsed="0.045359"/>
</kw>
<kw name="Click Button" owner="SeleniumLibrary">
<msg time="2026-07-04T22:42:12.115905" level="INFO">Clicking button 'id:login-button'.</msg>
<arg>${LOGIN_BUTTON}</arg>
<doc>Clicks the button identified by ``locator``.</doc>
<status status="PASS" start="2026-07-04T22:42:12.115695" elapsed="0.072405"/>
</kw>
<kw name="Wait Until Location Contains" owner="SeleniumLibrary">
<arg>/inventory.html</arg>
<doc>Waits until the current URL contains ``expected``.</doc>
<status status="PASS" start="2026-07-04T22:42:12.188267" elapsed="0.002830"/>
</kw>
<kw name="Wait Until Page Contains Element" owner="SeleniumLibrary">
<arg>${INVENTORY_LIST}</arg>
<doc>Waits until the element ``locator`` appears on the current page.</doc>
<status status="PASS" start="2026-07-04T22:42:12.191263" elapsed="0.006099"/>
</kw>
<kw name="Take Screenshot Step" owner="steps">
<kw name="Create Directory" owner="OperatingSystem">
<msg time="2026-07-04T22:42:12.198017" level="INFO" html="true">Directory '&lt;a href="file://C:\Users\Batel\Documents\github\case-automacao\1 - Web\results\screenshots"&gt;C:\Users\Batel\Documents\github\case-automacao\1 - Web\results\screenshots&lt;/a&gt;' already exists.</msg>
<arg>${SCREENSHOT_DIR}</arg>
<doc>Creates the specified directory.</doc>
<status status="PASS" start="2026-07-04T22:42:12.197827" elapsed="0.000246"/>
</kw>
<kw name="Capture Page Screenshot" owner="SeleniumLibrary">
<msg time="2026-07-04T22:42:12.228597" level="INFO" html="true">&lt;/td&gt;&lt;/tr&gt;&lt;tr&gt;&lt;td colspan="3"&gt;&lt;a href="results/screenshots/inventory_page.png"&gt;&lt;img src="results/screenshots/inventory_page.png" width="800px"&gt;&lt;/a&gt;</msg>
<arg>${SCREENSHOT_DIR}/${name}.png</arg>
<doc>Takes a screenshot of the current page and embeds it into a log file.</doc>
<status status="PASS" start="2026-07-04T22:42:12.198177" elapsed="0.030513"/>
</kw>
<arg>inventory_page</arg>
<status status="PASS" start="2026-07-04T22:42:12.197553" elapsed="0.031228"/>
</kw>
<status status="PASS" start="2026-07-04T22:42:12.011875" elapsed="0.216968"/>
</kw>
<kw name="Verify Inventory Page Is Open" owner="steps">
<kw name="Location Should Be" owner="SeleniumLibrary">
<msg time="2026-07-04T22:42:12.232148" level="INFO">Current location is 'https://www.saucedemo.com/inventory.html'.</msg>
<arg>${INVENTORY_URL}</arg>
<doc>Verifies that the current URL is exactly ``url``.</doc>
<status status="PASS" start="2026-07-04T22:42:12.229398" elapsed="0.002819"/>
</kw>
<kw name="Page Should Contain Element" owner="SeleniumLibrary">
<msg time="2026-07-04T22:42:12.236466" level="INFO">Current page contains element 'class:inventory_list'.</msg>
<arg>${INVENTORY_LIST}</arg>
<doc>Verifies that element ``locator`` is found on the current page.</doc>
<status status="PASS" start="2026-07-04T22:42:12.232350" elapsed="0.004194"/>
</kw>
<kw name="Take Screenshot Step" owner="steps">
<kw name="Create Directory" owner="OperatingSystem">
<msg time="2026-07-04T22:42:12.237193" level="INFO" html="true">Directory '&lt;a href="file://C:\Users\Batel\Documents\github\case-automacao\1 - Web\results\screenshots"&gt;C:\Users\Batel\Documents\github\case-automacao\1 - Web\results\screenshots&lt;/a&gt;' already exists.</msg>
<arg>${SCREENSHOT_DIR}</arg>
<doc>Creates the specified directory.</doc>
<status status="PASS" start="2026-07-04T22:42:12.236977" elapsed="0.000272"/>
</kw>
<kw name="Capture Page Screenshot" owner="SeleniumLibrary">
<msg time="2026-07-04T22:42:12.257875" level="INFO" html="true">&lt;/td&gt;&lt;/tr&gt;&lt;tr&gt;&lt;td colspan="3"&gt;&lt;a href="results/screenshots/inventory_validation.png"&gt;&lt;img src="results/screenshots/inventory_validation.png" width="800px"&gt;&lt;/a&gt;</msg>
<arg>${SCREENSHOT_DIR}/${name}.png</arg>
<doc>Takes a screenshot of the current page and embeds it into a log file.</doc>
<status status="PASS" start="2026-07-04T22:42:12.237350" elapsed="0.020625"/>
</kw>
<arg>inventory_validation</arg>
<status status="PASS" start="2026-07-04T22:42:12.236711" elapsed="0.021353"/>
</kw>
<status status="PASS" start="2026-07-04T22:42:12.229150" elapsed="0.028965"/>
</kw>
<kw name="Close SauceDemo Session" owner="steps" type="TEARDOWN">
<kw name="Take Screenshot Step" owner="steps">
<kw name="Create Directory" owner="OperatingSystem">
<msg time="2026-07-04T22:42:12.259113" level="INFO" html="true">Directory '&lt;a href="file://C:\Users\Batel\Documents\github\case-automacao\1 - Web\results\screenshots"&gt;C:\Users\Batel\Documents\github\case-automacao\1 - Web\results\screenshots&lt;/a&gt;' already exists.</msg>
<arg>${SCREENSHOT_DIR}</arg>
<doc>Creates the specified directory.</doc>
<status status="PASS" start="2026-07-04T22:42:12.258911" elapsed="0.000264"/>
</kw>
<kw name="Capture Page Screenshot" owner="SeleniumLibrary">
<msg time="2026-07-04T22:42:12.282565" level="INFO" html="true">&lt;/td&gt;&lt;/tr&gt;&lt;tr&gt;&lt;td colspan="3"&gt;&lt;a href="results/screenshots/session_closed.png"&gt;&lt;img src="results/screenshots/session_closed.png" width="800px"&gt;&lt;/a&gt;</msg>
<arg>${SCREENSHOT_DIR}/${name}.png</arg>
<doc>Takes a screenshot of the current page and embeds it into a log file.</doc>
<status status="PASS" start="2026-07-04T22:42:12.259315" elapsed="0.023348"/>
</kw>
<arg>session_closed</arg>
<status status="PASS" start="2026-07-04T22:42:12.258722" elapsed="0.024021"/>
</kw>
<kw name="Close Browser" owner="SeleniumLibrary">
<doc>Closes the current browser.</doc>
<status status="PASS" start="2026-07-04T22:42:12.282858" elapsed="2.126807"/>
</kw>
<status status="PASS" start="2026-07-04T22:42:12.258476" elapsed="2.151290"/>
</kw>
<doc>Verificar se o usuário consegue acessar a home page após login com credenciais válidas</doc>
<tag>CT01</tag>
<tag>regressivo</tag>
<status status="PASS" start="2026-07-04T22:42:09.643561" elapsed="4.766339"/>
</test>
<test id="s1-t2" name="CT02 - Adicionar item ao carrinho e validar na página do carrinho" line="13">
<kw name="Open SauceDemo Login Page" owner="steps" type="SETUP">
<kw name="Evaluate" owner="BuiltIn">
<msg time="2026-07-04T22:42:14.411265" level="INFO">${options} = &lt;selenium.webdriver.chrome.options.Options object at 0x000002278584BB10&gt;</msg>
<var>${options}</var>
<arg>sys.modules['selenium.webdriver'].ChromeOptions()</arg>
<arg>sys</arg>
<doc>Evaluates the given expression in Python and returns the result.</doc>
<status status="PASS" start="2026-07-04T22:42:14.410976" elapsed="0.000321"/>
</kw>
<kw name="Call Method" owner="BuiltIn">
<arg>${options}</arg>
<arg>add_argument</arg>
<arg>--disable-features\=PasswordLeakDetection</arg>
<doc>Calls the named method of the given object with the provided arguments.</doc>
<status status="PASS" start="2026-07-04T22:42:14.411389" elapsed="0.000124"/>
</kw>
<kw name="Call Method" owner="BuiltIn">
<arg>${options}</arg>
<arg>add_argument</arg>
<arg>--disable-save-password-bubble</arg>
<doc>Calls the named method of the given object with the provided arguments.</doc>
<status status="PASS" start="2026-07-04T22:42:14.411595" elapsed="0.000086"/>
</kw>
<kw name="Call Method" owner="BuiltIn">
<arg>${options}</arg>
<arg>add_argument</arg>
<arg>--disable-password-manager-reauthentication</arg>
<doc>Calls the named method of the given object with the provided arguments.</doc>
<status status="PASS" start="2026-07-04T22:42:14.411753" elapsed="0.000092"/>
</kw>
<kw name="Call Method" owner="BuiltIn">
<arg>${options}</arg>
<arg>add_argument</arg>
<arg>--headless\=new</arg>
<doc>Calls the named method of the given object with the provided arguments.</doc>
<status status="PASS" start="2026-07-04T22:42:14.411913" elapsed="0.000090"/>
</kw>
<kw name="Call Method" owner="BuiltIn">
<arg>${options}</arg>
<arg>add_argument</arg>
<arg>--no-sandbox</arg>
<doc>Calls the named method of the given object with the provided arguments.</doc>
<status status="PASS" start="2026-07-04T22:42:14.412073" elapsed="0.000080"/>
</kw>
<kw name="Call Method" owner="BuiltIn">
<arg>${options}</arg>
<arg>add_argument</arg>
<arg>--disable-dev-shm-usage</arg>
<doc>Calls the named method of the given object with the provided arguments.</doc>
<status status="PASS" start="2026-07-04T22:42:14.412222" elapsed="0.000082"/>
</kw>
<kw name="Call Method" owner="BuiltIn">
<arg>${options}</arg>
<arg>add_argument</arg>
<arg>--window-size\=1920,1080</arg>
<doc>Calls the named method of the given object with the provided arguments.</doc>
<status status="PASS" start="2026-07-04T22:42:14.412373" elapsed="0.000087"/>
</kw>
<kw name="Open Browser" owner="SeleniumLibrary">
<msg time="2026-07-04T22:42:14.412727" level="INFO">Opening browser 'chrome' to base url 'https://www.saucedemo.com/'.</msg>
<arg>${BASE_URL}</arg>
<arg>browser=${BROWSER}</arg>
<arg>options=${options}</arg>
<doc>Opens a new browser instance to the optional ``url``.</doc>
<status status="PASS" start="2026-07-04T22:42:14.412546" elapsed="1.996608"/>
</kw>
<kw name="Maximize Browser Window" owner="SeleniumLibrary">
<doc>Maximizes current browser window.</doc>
<status status="PASS" start="2026-07-04T22:42:16.409328" elapsed="0.023173"/>
</kw>
<kw name="Wait Until Page Contains Element" owner="SeleniumLibrary">
<arg>${USERNAME_INPUT}</arg>
<doc>Waits until the element ``locator`` appears on the current page.</doc>
<status status="PASS" start="2026-07-04T22:42:16.432668" elapsed="0.006601"/>
</kw>
<kw name="Take Screenshot Step" owner="steps">
<kw name="Create Directory" owner="OperatingSystem">
<msg time="2026-07-04T22:42:16.439845" level="INFO" html="true">Directory '&lt;a href="file://C:\Users\Batel\Documents\github\case-automacao\1 - Web\results\screenshots"&gt;C:\Users\Batel\Documents\github\case-automacao\1 - Web\results\screenshots&lt;/a&gt;' already exists.</msg>
<arg>${SCREENSHOT_DIR}</arg>
<doc>Creates the specified directory.</doc>
<status status="PASS" start="2026-07-04T22:42:16.439671" elapsed="0.000227"/>
</kw>
<kw name="Capture Page Screenshot" owner="SeleniumLibrary">
<msg time="2026-07-04T22:42:16.470115" level="INFO" html="true">&lt;/td&gt;&lt;/tr&gt;&lt;tr&gt;&lt;td colspan="3"&gt;&lt;a href="results/screenshots/login_page.png"&gt;&lt;img src="results/screenshots/login_page.png" width="800px"&gt;&lt;/a&gt;</msg>
<arg>${SCREENSHOT_DIR}/${name}.png</arg>
<doc>Takes a screenshot of the current page and embeds it into a log file.</doc>
<status status="PASS" start="2026-07-04T22:42:16.440004" elapsed="0.030210"/>
</kw>
<arg>login_page</arg>
<status status="PASS" start="2026-07-04T22:42:16.439445" elapsed="0.030891"/>
</kw>
<status status="PASS" start="2026-07-04T22:42:14.410770" elapsed="2.059617"/>
</kw>
<kw name="Realizar login com credenciais válidas" owner="steps">
<kw name="Input Text" owner="SeleniumLibrary">
<msg time="2026-07-04T22:42:16.471220" level="INFO">Typing text 'standard_user' into text field 'id:user-name'.</msg>
<arg>${USERNAME_INPUT}</arg>
<arg>${USERNAME}</arg>
<doc>Types the given ``text`` into the text field identified by ``locator``.</doc>
<status status="PASS" start="2026-07-04T22:42:16.471005" elapsed="0.062560"/>
</kw>
<kw name="Input Password" owner="SeleniumLibrary">
<msg time="2026-07-04T22:42:16.533971" level="INFO">Typing password into text field 'id:password'.</msg>
<msg time="2026-07-04T22:42:16.552952" level="INFO">Temporally setting log level to: NONE</msg>
<arg>${PASSWORD_INPUT}</arg>
<arg>${PASSWORD}</arg>
<doc>Types the given password into the text field identified by ``locator``.</doc>
<status status="PASS" start="2026-07-04T22:42:16.533726" elapsed="0.045747"/>
</kw>
<kw name="Click Button" owner="SeleniumLibrary">
<msg time="2026-07-04T22:42:16.579829" level="INFO">Clicking button 'id:login-button'.</msg>
<arg>${LOGIN_BUTTON}</arg>
<doc>Clicks the button identified by ``locator``.</doc>
<status status="PASS" start="2026-07-04T22:42:16.579630" elapsed="0.061558"/>
</kw>
<kw name="Wait Until Location Contains" owner="SeleniumLibrary">
<arg>/inventory.html</arg>
<doc>Waits until the current URL contains ``expected``.</doc>
<status status="PASS" start="2026-07-04T22:42:16.641369" elapsed="0.005213"/>
</kw>
<kw name="Wait Until Page Contains Element" owner="SeleniumLibrary">
<arg>${INVENTORY_LIST}</arg>
<doc>Waits until the element ``locator`` appears on the current page.</doc>
<status status="PASS" start="2026-07-04T22:42:16.646747" elapsed="0.008249"/>
</kw>
<kw name="Take Screenshot Step" owner="steps">
<kw name="Create Directory" owner="OperatingSystem">
<msg time="2026-07-04T22:42:16.655861" level="INFO" html="true">Directory '&lt;a href="file://C:\Users\Batel\Documents\github\case-automacao\1 - Web\results\screenshots"&gt;C:\Users\Batel\Documents\github\case-automacao\1 - Web\results\screenshots&lt;/a&gt;' already exists.</msg>
<arg>${SCREENSHOT_DIR}</arg>
<doc>Creates the specified directory.</doc>
<status status="PASS" start="2026-07-04T22:42:16.655600" elapsed="0.000340"/>
</kw>
<kw name="Capture Page Screenshot" owner="SeleniumLibrary">
<msg time="2026-07-04T22:42:16.714362" level="INFO" html="true">&lt;/td&gt;&lt;/tr&gt;&lt;tr&gt;&lt;td colspan="3"&gt;&lt;a href="results/screenshots/inventory_page.png"&gt;&lt;img src="results/screenshots/inventory_page.png" width="800px"&gt;&lt;/a&gt;</msg>
<arg>${SCREENSHOT_DIR}/${name}.png</arg>
<doc>Takes a screenshot of the current page and embeds it into a log file.</doc>
<status status="PASS" start="2026-07-04T22:42:16.656061" elapsed="0.058390"/>
</kw>
<arg>inventory_page</arg>
<status status="PASS" start="2026-07-04T22:42:16.655261" elapsed="0.059268"/>
</kw>
<status status="PASS" start="2026-07-04T22:42:16.470750" elapsed="0.243826"/>
</kw>
<kw name="Add Backpack To Cart" owner="steps">
<kw name="Click Button" owner="SeleniumLibrary">
<msg time="2026-07-04T22:42:16.715191" level="INFO">Clicking button 'id:add-to-cart-sauce-labs-backpack'.</msg>
<arg>${BACKPACK_ADD_BUTTON}</arg>
<doc>Clicks the button identified by ``locator``.</doc>
<status status="PASS" start="2026-07-04T22:42:16.715015" elapsed="0.039650"/>
</kw>
<kw name="Wait Until Element Contains" owner="SeleniumLibrary">
<arg>${CART_BADGE}</arg>
<arg>1</arg>
<doc>Waits until the element ``locator`` contains ``text``.</doc>
<status status="PASS" start="2026-07-04T22:42:16.754829" elapsed="0.012968"/>
</kw>
<kw name="Take Screenshot Step" owner="steps">
<kw name="Create Directory" owner="OperatingSystem">
<msg time="2026-07-04T22:42:16.768376" level="INFO" html="true">Directory '&lt;a href="file://C:\Users\Batel\Documents\github\case-automacao\1 - Web\results\screenshots"&gt;C:\Users\Batel\Documents\github\case-automacao\1 - Web\results\screenshots&lt;/a&gt;' already exists.</msg>
<arg>${SCREENSHOT_DIR}</arg>
<doc>Creates the specified directory.</doc>
<status status="PASS" start="2026-07-04T22:42:16.768208" elapsed="0.000221"/>
</kw>
<kw name="Capture Page Screenshot" owner="SeleniumLibrary">
<msg time="2026-07-04T22:42:16.810778" level="INFO" html="true">&lt;/td&gt;&lt;/tr&gt;&lt;tr&gt;&lt;td colspan="3"&gt;&lt;a href="results/screenshots/cart_with_item.png"&gt;&lt;img src="results/screenshots/cart_with_item.png" width="800px"&gt;&lt;/a&gt;</msg>
<arg>${SCREENSHOT_DIR}/${name}.png</arg>
<doc>Takes a screenshot of the current page and embeds it into a log file.</doc>
<status status="PASS" start="2026-07-04T22:42:16.768525" elapsed="0.042350"/>
</kw>
<arg>cart_with_item</arg>
<status status="PASS" start="2026-07-04T22:42:16.767981" elapsed="0.042985"/>
</kw>
<status status="PASS" start="2026-07-04T22:42:16.714805" elapsed="0.096211"/>
</kw>
<kw name="Open Cart" owner="steps">
<kw name="Click Link" owner="SeleniumLibrary">
<msg time="2026-07-04T22:42:16.811790" level="INFO">Clicking link 'xpath://a[@class='shopping_cart_link']'.</msg>
<arg>${CART_LINK}</arg>
<doc>Clicks a link identified by ``locator``.</doc>
<status status="PASS" start="2026-07-04T22:42:16.811593" elapsed="0.039940"/>
</kw>
<kw name="Wait Until Page Contains" owner="SeleniumLibrary">
<arg>${CART_TITLE}</arg>
<doc>Waits until ``text`` appears on the current page.</doc>
<status status="PASS" start="2026-07-04T22:42:16.851701" elapsed="0.006605"/>
</kw>
<kw name="Page Should Contain" owner="SeleniumLibrary">
<msg time="2026-07-04T22:42:16.865387" level="INFO">Current page contains text 'Sauce Labs Backpack'.</msg>
<arg>${CART_ITEM_NAME}</arg>
<doc>Verifies that current page contains ``text``.</doc>
<status status="PASS" start="2026-07-04T22:42:16.858458" elapsed="0.006998"/>
</kw>
<kw name="Take Screenshot Step" owner="steps">
<kw name="Create Directory" owner="OperatingSystem">
<msg time="2026-07-04T22:42:16.866049" level="INFO" html="true">Directory '&lt;a href="file://C:\Users\Batel\Documents\github\case-automacao\1 - Web\results\screenshots"&gt;C:\Users\Batel\Documents\github\case-automacao\1 - Web\results\screenshots&lt;/a&gt;' already exists.</msg>
<arg>${SCREENSHOT_DIR}</arg>
<doc>Creates the specified directory.</doc>
<status status="PASS" start="2026-07-04T22:42:16.865845" elapsed="0.000259"/>
</kw>
<kw name="Capture Page Screenshot" owner="SeleniumLibrary">
<msg time="2026-07-04T22:42:16.886961" level="INFO" html="true">&lt;/td&gt;&lt;/tr&gt;&lt;tr&gt;&lt;td colspan="3"&gt;&lt;a href="results/screenshots/cart_page.png"&gt;&lt;img src="results/screenshots/cart_page.png" width="800px"&gt;&lt;/a&gt;</msg>
<arg>${SCREENSHOT_DIR}/${name}.png</arg>
<doc>Takes a screenshot of the current page and embeds it into a log file.</doc>
<status status="PASS" start="2026-07-04T22:42:16.866203" elapsed="0.020853"/>
</kw>
<arg>cart_page</arg>
<status status="PASS" start="2026-07-04T22:42:16.865621" elapsed="0.021519"/>
</kw>
<status status="PASS" start="2026-07-04T22:42:16.811339" elapsed="0.075851"/>
</kw>
<kw name="Close SauceDemo Session" owner="steps" type="TEARDOWN">
<kw name="Take Screenshot Step" owner="steps">
<kw name="Create Directory" owner="OperatingSystem">
<msg time="2026-07-04T22:42:16.888131" level="INFO" html="true">Directory '&lt;a href="file://C:\Users\Batel\Documents\github\case-automacao\1 - Web\results\screenshots"&gt;C:\Users\Batel\Documents\github\case-automacao\1 - Web\results\screenshots&lt;/a&gt;' already exists.</msg>
<arg>${SCREENSHOT_DIR}</arg>
<doc>Creates the specified directory.</doc>
<status status="PASS" start="2026-07-04T22:42:16.887957" elapsed="0.000228"/>
</kw>
<kw name="Capture Page Screenshot" owner="SeleniumLibrary">
<msg time="2026-07-04T22:42:16.908473" level="INFO" html="true">&lt;/td&gt;&lt;/tr&gt;&lt;tr&gt;&lt;td colspan="3"&gt;&lt;a href="results/screenshots/session_closed.png"&gt;&lt;img src="results/screenshots/session_closed.png" width="800px"&gt;&lt;/a&gt;</msg>
<arg>${SCREENSHOT_DIR}/${name}.png</arg>
<doc>Takes a screenshot of the current page and embeds it into a log file.</doc>
<status status="PASS" start="2026-07-04T22:42:16.888280" elapsed="0.020285"/>
</kw>
<arg>session_closed</arg>
<status status="PASS" start="2026-07-04T22:42:16.887749" elapsed="0.020898"/>
</kw>
<kw name="Close Browser" owner="SeleniumLibrary">
<doc>Closes the current browser.</doc>
<status status="PASS" start="2026-07-04T22:42:16.908759" elapsed="2.101066"/>
</kw>
<status status="PASS" start="2026-07-04T22:42:16.887486" elapsed="2.122463"/>
</kw>
<doc>Adicionar item ao carrinho e validar na página do carrinho</doc>
<tag>CT02</tag>
<status status="PASS" start="2026-07-04T22:42:14.410340" elapsed="4.599741"/>
</test>
<test id="s1-t3" name="CT03 - Adicionar e remover o item do carrinho" line="20">
<kw name="Open SauceDemo Login Page" owner="steps" type="SETUP">
<kw name="Evaluate" owner="BuiltIn">
<msg time="2026-07-04T22:42:19.011246" level="INFO">${options} = &lt;selenium.webdriver.chrome.options.Options object at 0x000002278584A490&gt;</msg>
<var>${options}</var>
<arg>sys.modules['selenium.webdriver'].ChromeOptions()</arg>
<arg>sys</arg>
<doc>Evaluates the given expression in Python and returns the result.</doc>
<status status="PASS" start="2026-07-04T22:42:19.011051" elapsed="0.000221"/>
</kw>
<kw name="Call Method" owner="BuiltIn">
<arg>${options}</arg>
<arg>add_argument</arg>
<arg>--disable-features\=PasswordLeakDetection</arg>
<doc>Calls the named method of the given object with the provided arguments.</doc>
<status status="PASS" start="2026-07-04T22:42:19.011354" elapsed="0.000105"/>
</kw>
<kw name="Call Method" owner="BuiltIn">
<arg>${options}</arg>
<arg>add_argument</arg>
<arg>--disable-save-password-bubble</arg>
<doc>Calls the named method of the given object with the provided arguments.</doc>
<status status="PASS" start="2026-07-04T22:42:19.011532" elapsed="0.000109"/>
</kw>
<kw name="Call Method" owner="BuiltIn">
<arg>${options}</arg>
<arg>add_argument</arg>
<arg>--disable-password-manager-reauthentication</arg>
<doc>Calls the named method of the given object with the provided arguments.</doc>
<status status="PASS" start="2026-07-04T22:42:19.011747" elapsed="0.000105"/>
</kw>
<kw name="Call Method" owner="BuiltIn">
<arg>${options}</arg>
<arg>add_argument</arg>
<arg>--headless\=new</arg>
<doc>Calls the named method of the given object with the provided arguments.</doc>
<status status="PASS" start="2026-07-04T22:42:19.011932" elapsed="0.000101"/>
</kw>
<kw name="Call Method" owner="BuiltIn">
<arg>${options}</arg>
<arg>add_argument</arg>
<arg>--no-sandbox</arg>
<doc>Calls the named method of the given object with the provided arguments.</doc>
<status status="PASS" start="2026-07-04T22:42:19.012106" elapsed="0.000084"/>
</kw>
<kw name="Call Method" owner="BuiltIn">
<arg>${options}</arg>
<arg>add_argument</arg>
<arg>--disable-dev-shm-usage</arg>
<doc>Calls the named method of the given object with the provided arguments.</doc>
<status status="PASS" start="2026-07-04T22:42:19.012260" elapsed="0.000079"/>
</kw>
<kw name="Call Method" owner="BuiltIn">
<arg>${options}</arg>
<arg>add_argument</arg>
<arg>--window-size\=1920,1080</arg>
<doc>Calls the named method of the given object with the provided arguments.</doc>
<status status="PASS" start="2026-07-04T22:42:19.012407" elapsed="0.000088"/>
</kw>
<kw name="Open Browser" owner="SeleniumLibrary">
<msg time="2026-07-04T22:42:19.012764" level="INFO">Opening browser 'chrome' to base url 'https://www.saucedemo.com/'.</msg>
<arg>${BASE_URL}</arg>
<arg>browser=${BROWSER}</arg>
<arg>options=${options}</arg>
<doc>Opens a new browser instance to the optional ``url``.</doc>
<status status="PASS" start="2026-07-04T22:42:19.012584" elapsed="1.524558"/>
</kw>
<kw name="Maximize Browser Window" owner="SeleniumLibrary">
<doc>Maximizes current browser window.</doc>
<status status="PASS" start="2026-07-04T22:42:20.537330" elapsed="0.029568"/>
</kw>
<kw name="Wait Until Page Contains Element" owner="SeleniumLibrary">
<arg>${USERNAME_INPUT}</arg>
<doc>Waits until the element ``locator`` appears on the current page.</doc>
<status status="PASS" start="2026-07-04T22:42:20.567068" elapsed="0.007072"/>
</kw>
<kw name="Take Screenshot Step" owner="steps">
<kw name="Create Directory" owner="OperatingSystem">
<msg time="2026-07-04T22:42:20.574740" level="INFO" html="true">Directory '&lt;a href="file://C:\Users\Batel\Documents\github\case-automacao\1 - Web\results\screenshots"&gt;C:\Users\Batel\Documents\github\case-automacao\1 - Web\results\screenshots&lt;/a&gt;' already exists.</msg>
<arg>${SCREENSHOT_DIR}</arg>
<doc>Creates the specified directory.</doc>
<status status="PASS" start="2026-07-04T22:42:20.574558" elapsed="0.000242"/>
</kw>
<kw name="Capture Page Screenshot" owner="SeleniumLibrary">
<msg time="2026-07-04T22:42:20.599848" level="INFO" html="true">&lt;/td&gt;&lt;/tr&gt;&lt;tr&gt;&lt;td colspan="3"&gt;&lt;a href="results/screenshots/login_page.png"&gt;&lt;img src="results/screenshots/login_page.png" width="800px"&gt;&lt;/a&gt;</msg>
<arg>${SCREENSHOT_DIR}/${name}.png</arg>
<doc>Takes a screenshot of the current page and embeds it into a log file.</doc>
<status status="PASS" start="2026-07-04T22:42:20.574904" elapsed="0.025038"/>
</kw>
<arg>login_page</arg>
<status status="PASS" start="2026-07-04T22:42:20.574325" elapsed="0.025700"/>
</kw>
<status status="PASS" start="2026-07-04T22:42:19.010868" elapsed="1.589205"/>
</kw>
<kw name="Realizar login com credenciais válidas" owner="steps">
<kw name="Input Text" owner="SeleniumLibrary">
<msg time="2026-07-04T22:42:20.600949" level="INFO">Typing text 'standard_user' into text field 'id:user-name'.</msg>
<arg>${USERNAME_INPUT}</arg>
<arg>${USERNAME}</arg>
<doc>Types the given ``text`` into the text field identified by ``locator``.</doc>
<status status="PASS" start="2026-07-04T22:42:20.600713" elapsed="0.061339"/>
</kw>
<kw name="Input Password" owner="SeleniumLibrary">
<msg time="2026-07-04T22:42:20.662486" level="INFO">Typing password into text field 'id:password'.</msg>
<msg time="2026-07-04T22:42:20.695134" level="INFO">Temporally setting log level to: NONE</msg>
<arg>${PASSWORD_INPUT}</arg>
<arg>${PASSWORD}</arg>
<doc>Types the given password into the text field identified by ``locator``.</doc>
<status status="PASS" start="2026-07-04T22:42:20.662221" elapsed="0.061764"/>
</kw>
<kw name="Click Button" owner="SeleniumLibrary">
<msg time="2026-07-04T22:42:20.724325" level="INFO">Clicking button 'id:login-button'.</msg>
<arg>${LOGIN_BUTTON}</arg>
<doc>Clicks the button identified by ``locator``.</doc>
<status status="PASS" start="2026-07-04T22:42:20.724137" elapsed="0.068411"/>
</kw>
<kw name="Wait Until Location Contains" owner="SeleniumLibrary">
<arg>/inventory.html</arg>
<doc>Waits until the current URL contains ``expected``.</doc>
<status status="PASS" start="2026-07-04T22:42:20.792712" elapsed="0.003094"/>
</kw>
<kw name="Wait Until Page Contains Element" owner="SeleniumLibrary">
<arg>${INVENTORY_LIST}</arg>
<doc>Waits until the element ``locator`` appears on the current page.</doc>
<status status="PASS" start="2026-07-04T22:42:20.795974" elapsed="0.006302"/>
</kw>
<kw name="Take Screenshot Step" owner="steps">
<kw name="Create Directory" owner="OperatingSystem">
<msg time="2026-07-04T22:42:20.802831" level="INFO" html="true">Directory '&lt;a href="file://C:\Users\Batel\Documents\github\case-automacao\1 - Web\results\screenshots"&gt;C:\Users\Batel\Documents\github\case-automacao\1 - Web\results\screenshots&lt;/a&gt;' already exists.</msg>
<arg>${SCREENSHOT_DIR}</arg>
<doc>Creates the specified directory.</doc>
<status status="PASS" start="2026-07-04T22:42:20.802661" elapsed="0.000224"/>
</kw>
<kw name="Capture Page Screenshot" owner="SeleniumLibrary">
<msg time="2026-07-04T22:42:20.841095" level="INFO" html="true">&lt;/td&gt;&lt;/tr&gt;&lt;tr&gt;&lt;td colspan="3"&gt;&lt;a href="results/screenshots/inventory_page.png"&gt;&lt;img src="results/screenshots/inventory_page.png" width="800px"&gt;&lt;/a&gt;</msg>
<arg>${SCREENSHOT_DIR}/${name}.png</arg>
<doc>Takes a screenshot of the current page and embeds it into a log file.</doc>
<status status="PASS" start="2026-07-04T22:42:20.802985" elapsed="0.038198"/>
</kw>
<arg>inventory_page</arg>
<status status="PASS" start="2026-07-04T22:42:20.802442" elapsed="0.038817"/>
</kw>
<status status="PASS" start="2026-07-04T22:42:20.600422" elapsed="0.240884"/>
</kw>
<kw name="Add Backpack To Cart" owner="steps">
<kw name="Click Button" owner="SeleniumLibrary">
<msg time="2026-07-04T22:42:20.841910" level="INFO">Clicking button 'id:add-to-cart-sauce-labs-backpack'.</msg>
<arg>${BACKPACK_ADD_BUTTON}</arg>
<doc>Clicks the button identified by ``locator``.</doc>
<status status="PASS" start="2026-07-04T22:42:20.841740" elapsed="0.043111"/>
</kw>
<kw name="Wait Until Element Contains" owner="SeleniumLibrary">
<arg>${CART_BADGE}</arg>
<arg>1</arg>
<doc>Waits until the element ``locator`` contains ``text``.</doc>
<status status="PASS" start="2026-07-04T22:42:20.885009" elapsed="0.012522"/>
</kw>
<kw name="Take Screenshot Step" owner="steps">
<kw name="Create Directory" owner="OperatingSystem">
<msg time="2026-07-04T22:42:20.898111" level="INFO" html="true">Directory '&lt;a href="file://C:\Users\Batel\Documents\github\case-automacao\1 - Web\results\screenshots"&gt;C:\Users\Batel\Documents\github\case-automacao\1 - Web\results\screenshots&lt;/a&gt;' already exists.</msg>
<arg>${SCREENSHOT_DIR}</arg>
<doc>Creates the specified directory.</doc>
<status status="PASS" start="2026-07-04T22:42:20.897938" elapsed="0.000229"/>
</kw>
<kw name="Capture Page Screenshot" owner="SeleniumLibrary">
<msg time="2026-07-04T22:42:20.938762" level="INFO" html="true">&lt;/td&gt;&lt;/tr&gt;&lt;tr&gt;&lt;td colspan="3"&gt;&lt;a href="results/screenshots/cart_with_item.png"&gt;&lt;img src="results/screenshots/cart_with_item.png" width="800px"&gt;&lt;/a&gt;</msg>
<arg>${SCREENSHOT_DIR}/${name}.png</arg>
<doc>Takes a screenshot of the current page and embeds it into a log file.</doc>
<status status="PASS" start="2026-07-04T22:42:20.898299" elapsed="0.040555"/>
</kw>
<arg>cart_with_item</arg>
<status status="PASS" start="2026-07-04T22:42:20.897705" elapsed="0.041225"/>
</kw>
<status status="PASS" start="2026-07-04T22:42:20.841532" elapsed="0.097448"/>
</kw>
<kw name="Open Cart" owner="steps">
<kw name="Click Link" owner="SeleniumLibrary">
<msg time="2026-07-04T22:42:20.939624" level="INFO">Clicking link 'xpath://a[@class='shopping_cart_link']'.</msg>
<arg>${CART_LINK}</arg>
<doc>Clicks a link identified by ``locator``.</doc>
<status status="PASS" start="2026-07-04T22:42:20.939437" elapsed="0.036441"/>
</kw>
<kw name="Wait Until Page Contains" owner="SeleniumLibrary">
<arg>${CART_TITLE}</arg>
<doc>Waits until ``text`` appears on the current page.</doc>
<status status="PASS" start="2026-07-04T22:42:20.976041" elapsed="0.006392"/>
</kw>
<kw name="Page Should Contain" owner="SeleniumLibrary">
<msg time="2026-07-04T22:42:20.989527" level="INFO">Current page contains text 'Sauce Labs Backpack'.</msg>
<arg>${CART_ITEM_NAME}</arg>
<doc>Verifies that current page contains ``text``.</doc>
<status status="PASS" start="2026-07-04T22:42:20.982574" elapsed="0.007017"/>
</kw>
<kw name="Take Screenshot Step" owner="steps">
<kw name="Create Directory" owner="OperatingSystem">
<msg time="2026-07-04T22:42:20.990108" level="INFO" html="true">Directory '&lt;a href="file://C:\Users\Batel\Documents\github\case-automacao\1 - Web\results\screenshots"&gt;C:\Users\Batel\Documents\github\case-automacao\1 - Web\results\screenshots&lt;/a&gt;' already exists.</msg>
<arg>${SCREENSHOT_DIR}</arg>
<doc>Creates the specified directory.</doc>
<status status="PASS" start="2026-07-04T22:42:20.989944" elapsed="0.000213"/>
</kw>
<kw name="Capture Page Screenshot" owner="SeleniumLibrary">
<msg time="2026-07-04T22:42:21.013382" level="INFO" html="true">&lt;/td&gt;&lt;/tr&gt;&lt;tr&gt;&lt;td colspan="3"&gt;&lt;a href="results/screenshots/cart_page.png"&gt;&lt;img src="results/screenshots/cart_page.png" width="800px"&gt;&lt;/a&gt;</msg>
<arg>${SCREENSHOT_DIR}/${name}.png</arg>
<doc>Takes a screenshot of the current page and embeds it into a log file.</doc>
<status status="PASS" start="2026-07-04T22:42:20.990272" elapsed="0.023196"/>
</kw>
<arg>cart_page</arg>
<status status="PASS" start="2026-07-04T22:42:20.989739" elapsed="0.023808"/>
</kw>
<status status="PASS" start="2026-07-04T22:42:20.939210" elapsed="0.074384"/>
</kw>
<kw name="Click Button" owner="SeleniumLibrary">
<msg time="2026-07-04T22:42:21.013971" level="INFO">Clicking button 'id:remove-sauce-labs-backpack'.</msg>
<arg>id:remove-sauce-labs-backpack</arg>
<doc>Clicks the button identified by ``locator``.</doc>
<status status="PASS" start="2026-07-04T22:42:21.013790" elapsed="0.061579"/>
</kw>
<kw name="Page Should Contain" owner="SeleniumLibrary">
<msg time="2026-07-04T22:42:21.080952" level="INFO">Current page contains text 'Your Cart'.</msg>
<arg>Your Cart</arg>
<doc>Verifies that current page contains ``text``.</doc>
<status status="PASS" start="2026-07-04T22:42:21.075703" elapsed="0.005350"/>
</kw>
<kw name="Page Should Not Contain" owner="SeleniumLibrary">
<msg time="2026-07-04T22:42:21.092426" level="INFO">Current page does not contain text 'Sauce Labs Backpack'.</msg>
<arg>Sauce Labs Backpack</arg>
<doc>Verifies the current page does not contain ``text``.</doc>
<status status="PASS" start="2026-07-04T22:42:21.081362" elapsed="0.011134"/>
</kw>
<kw name="Close SauceDemo Session" owner="steps" type="TEARDOWN">
<kw name="Take Screenshot Step" owner="steps">
<kw name="Create Directory" owner="OperatingSystem">
<msg time="2026-07-04T22:42:21.093546" level="INFO" html="true">Directory '&lt;a href="file://C:\Users\Batel\Documents\github\case-automacao\1 - Web\results\screenshots"&gt;C:\Users\Batel\Documents\github\case-automacao\1 - Web\results\screenshots&lt;/a&gt;' already exists.</msg>
<arg>${SCREENSHOT_DIR}</arg>
<doc>Creates the specified directory.</doc>
<status status="PASS" start="2026-07-04T22:42:21.093359" elapsed="0.000239"/>
</kw>
<kw name="Capture Page Screenshot" owner="SeleniumLibrary">
<msg time="2026-07-04T22:42:21.125751" level="INFO" html="true">&lt;/td&gt;&lt;/tr&gt;&lt;tr&gt;&lt;td colspan="3"&gt;&lt;a href="results/screenshots/session_closed.png"&gt;&lt;img src="results/screenshots/session_closed.png" width="800px"&gt;&lt;/a&gt;</msg>
<arg>${SCREENSHOT_DIR}/${name}.png</arg>
<doc>Takes a screenshot of the current page and embeds it into a log file.</doc>
<status status="PASS" start="2026-07-04T22:42:21.093695" elapsed="0.032155"/>
</kw>
<arg>session_closed</arg>
<status status="PASS" start="2026-07-04T22:42:21.093120" elapsed="0.032822"/>
</kw>
<kw name="Close Browser" owner="SeleniumLibrary">
<doc>Closes the current browser.</doc>
<status status="PASS" start="2026-07-04T22:42:21.126081" elapsed="2.131246"/>
</kw>
<status status="PASS" start="2026-07-04T22:42:21.092850" elapsed="2.164581"/>
</kw>
<doc>Adicionar e remover o item do carrinho</doc>
<tag>CT03</tag>
<status status="PASS" start="2026-07-04T22:42:19.010497" elapsed="4.247110"/>
</test>
<test id="s1-t4" name="CT04 - Adicionar item ao carrinho e finalizar compra" line="30">
<kw name="Open SauceDemo Login Page" owner="steps" type="SETUP">
<kw name="Evaluate" owner="BuiltIn">
<msg time="2026-07-04T22:42:23.258968" level="INFO">${options} = &lt;selenium.webdriver.chrome.options.Options object at 0x00000227857E7CE0&gt;</msg>
<var>${options}</var>
<arg>sys.modules['selenium.webdriver'].ChromeOptions()</arg>
<arg>sys</arg>
<doc>Evaluates the given expression in Python and returns the result.</doc>
<status status="PASS" start="2026-07-04T22:42:23.258712" elapsed="0.000290"/>
</kw>
<kw name="Call Method" owner="BuiltIn">
<arg>${options}</arg>
<arg>add_argument</arg>
<arg>--disable-features\=PasswordLeakDetection</arg>
<doc>Calls the named method of the given object with the provided arguments.</doc>
<status status="PASS" start="2026-07-04T22:42:23.259108" elapsed="0.000130"/>
</kw>
<kw name="Call Method" owner="BuiltIn">
<arg>${options}</arg>
<arg>add_argument</arg>
<arg>--disable-save-password-bubble</arg>
<doc>Calls the named method of the given object with the provided arguments.</doc>
<status status="PASS" start="2026-07-04T22:42:23.259343" elapsed="0.000092"/>
</kw>
<kw name="Call Method" owner="BuiltIn">
<arg>${options}</arg>
<arg>add_argument</arg>
<arg>--disable-password-manager-reauthentication</arg>
<doc>Calls the named method of the given object with the provided arguments.</doc>
<status status="PASS" start="2026-07-04T22:42:23.259509" elapsed="0.000084"/>
</kw>
<kw name="Call Method" owner="BuiltIn">
<arg>${options}</arg>
<arg>add_argument</arg>
<arg>--headless\=new</arg>
<doc>Calls the named method of the given object with the provided arguments.</doc>
<status status="PASS" start="2026-07-04T22:42:23.259663" elapsed="0.000089"/>
</kw>
<kw name="Call Method" owner="BuiltIn">
<arg>${options}</arg>
<arg>add_argument</arg>
<arg>--no-sandbox</arg>
<doc>Calls the named method of the given object with the provided arguments.</doc>
<status status="PASS" start="2026-07-04T22:42:23.259823" elapsed="0.000079"/>
</kw>
<kw name="Call Method" owner="BuiltIn">
<arg>${options}</arg>
<arg>add_argument</arg>
<arg>--disable-dev-shm-usage</arg>
<doc>Calls the named method of the given object with the provided arguments.</doc>
<status status="PASS" start="2026-07-04T22:42:23.259971" elapsed="0.000080"/>
</kw>
<kw name="Call Method" owner="BuiltIn">
<arg>${options}</arg>
<arg>add_argument</arg>
<arg>--window-size\=1920,1080</arg>
<doc>Calls the named method of the given object with the provided arguments.</doc>
<status status="PASS" start="2026-07-04T22:42:23.260119" elapsed="0.000089"/>
</kw>
<kw name="Open Browser" owner="SeleniumLibrary">
<msg time="2026-07-04T22:42:23.260465" level="INFO">Opening browser 'chrome' to base url 'https://www.saucedemo.com/'.</msg>
<arg>${BASE_URL}</arg>
<arg>browser=${BROWSER}</arg>
<arg>options=${options}</arg>
<doc>Opens a new browser instance to the optional ``url``.</doc>
<status status="PASS" start="2026-07-04T22:42:23.260295" elapsed="1.508704"/>
</kw>
<kw name="Maximize Browser Window" owner="SeleniumLibrary">
<doc>Maximizes current browser window.</doc>
<status status="PASS" start="2026-07-04T22:42:24.769161" elapsed="0.027579"/>
</kw>
<kw name="Wait Until Page Contains Element" owner="SeleniumLibrary">
<arg>${USERNAME_INPUT}</arg>
<doc>Waits until the element ``locator`` appears on the current page.</doc>
<status status="PASS" start="2026-07-04T22:42:24.796895" elapsed="0.006735"/>
</kw>
<kw name="Take Screenshot Step" owner="steps">
<kw name="Create Directory" owner="OperatingSystem">
<msg time="2026-07-04T22:42:24.804223" level="INFO" html="true">Directory '&lt;a href="file://C:\Users\Batel\Documents\github\case-automacao\1 - Web\results\screenshots"&gt;C:\Users\Batel\Documents\github\case-automacao\1 - Web\results\screenshots&lt;/a&gt;' already exists.</msg>
<arg>${SCREENSHOT_DIR}</arg>
<doc>Creates the specified directory.</doc>
<status status="PASS" start="2026-07-04T22:42:24.804049" elapsed="0.000235"/>
</kw>
<kw name="Capture Page Screenshot" owner="SeleniumLibrary">
<msg time="2026-07-04T22:42:24.833754" level="INFO" html="true">&lt;/td&gt;&lt;/tr&gt;&lt;tr&gt;&lt;td colspan="3"&gt;&lt;a href="results/screenshots/login_page.png"&gt;&lt;img src="results/screenshots/login_page.png" width="800px"&gt;&lt;/a&gt;</msg>
<arg>${SCREENSHOT_DIR}/${name}.png</arg>
<doc>Takes a screenshot of the current page and embeds it into a log file.</doc>
<status status="PASS" start="2026-07-04T22:42:24.804384" elapsed="0.029486"/>
</kw>
<arg>login_page</arg>
<status status="PASS" start="2026-07-04T22:42:24.803816" elapsed="0.030182"/>
</kw>
<status status="PASS" start="2026-07-04T22:42:23.258493" elapsed="1.575589"/>
</kw>
<kw name="Realizar login com credenciais válidas" owner="steps">
<kw name="Input Text" owner="SeleniumLibrary">
<msg time="2026-07-04T22:42:24.834911" level="INFO">Typing text 'standard_user' into text field 'id:user-name'.</msg>
<arg>${USERNAME_INPUT}</arg>
<arg>${USERNAME}</arg>
<doc>Types the given ``text`` into the text field identified by ``locator``.</doc>
<status status="PASS" start="2026-07-04T22:42:24.834696" elapsed="0.063835"/>
</kw>
<kw name="Input Password" owner="SeleniumLibrary">
<msg time="2026-07-04T22:42:24.898916" level="INFO">Typing password into text field 'id:password'.</msg>
<msg time="2026-07-04T22:42:24.917511" level="INFO">Temporally setting log level to: NONE</msg>
<arg>${PASSWORD_INPUT}</arg>
<arg>${PASSWORD}</arg>
<doc>Types the given password into the text field identified by ``locator``.</doc>
<status status="PASS" start="2026-07-04T22:42:24.898684" elapsed="0.046709"/>
</kw>
<kw name="Click Button" owner="SeleniumLibrary">
<msg time="2026-07-04T22:42:24.945732" level="INFO">Clicking button 'id:login-button'.</msg>
<arg>${LOGIN_BUTTON}</arg>
<doc>Clicks the button identified by ``locator``.</doc>
<status status="PASS" start="2026-07-04T22:42:24.945545" elapsed="0.072314"/>
</kw>
<kw name="Wait Until Location Contains" owner="SeleniumLibrary">
<arg>/inventory.html</arg>
<doc>Waits until the current URL contains ``expected``.</doc>
<status status="PASS" start="2026-07-04T22:42:25.018019" elapsed="0.002919"/>
</kw>
<kw name="Wait Until Page Contains Element" owner="SeleniumLibrary">
<arg>${INVENTORY_LIST}</arg>
<doc>Waits until the element ``locator`` appears on the current page.</doc>
<status status="PASS" start="2026-07-04T22:42:25.021073" elapsed="0.006156"/>
</kw>
<kw name="Take Screenshot Step" owner="steps">
<kw name="Create Directory" owner="OperatingSystem">
<msg time="2026-07-04T22:42:25.027807" level="INFO" html="true">Directory '&lt;a href="file://C:\Users\Batel\Documents\github\case-automacao\1 - Web\results\screenshots"&gt;C:\Users\Batel\Documents\github\case-automacao\1 - Web\results\screenshots&lt;/a&gt;' already exists.</msg>
<arg>${SCREENSHOT_DIR}</arg>
<doc>Creates the specified directory.</doc>
<status status="PASS" start="2026-07-04T22:42:25.027641" elapsed="0.000219"/>
</kw>
<kw name="Capture Page Screenshot" owner="SeleniumLibrary">
<msg time="2026-07-04T22:42:25.066874" level="INFO" html="true">&lt;/td&gt;&lt;/tr&gt;&lt;tr&gt;&lt;td colspan="3"&gt;&lt;a href="results/screenshots/inventory_page.png"&gt;&lt;img src="results/screenshots/inventory_page.png" width="800px"&gt;&lt;/a&gt;</msg>
<arg>${SCREENSHOT_DIR}/${name}.png</arg>
<doc>Takes a screenshot of the current page and embeds it into a log file.</doc>
<status status="PASS" start="2026-07-04T22:42:25.027952" elapsed="0.039015"/>
</kw>
<arg>inventory_page</arg>
<status status="PASS" start="2026-07-04T22:42:25.027425" elapsed="0.039621"/>
</kw>
<status status="PASS" start="2026-07-04T22:42:24.834443" elapsed="0.232650"/>
</kw>
<kw name="Add Backpack To Cart" owner="steps">
<kw name="Click Button" owner="SeleniumLibrary">
<msg time="2026-07-04T22:42:25.067845" level="INFO">Clicking button 'id:add-to-cart-sauce-labs-backpack'.</msg>
<arg>${BACKPACK_ADD_BUTTON}</arg>
<doc>Clicks the button identified by ``locator``.</doc>
<status status="PASS" start="2026-07-04T22:42:25.067662" elapsed="0.062106"/>
</kw>
<kw name="Wait Until Element Contains" owner="SeleniumLibrary">
<arg>${CART_BADGE}</arg>
<arg>1</arg>
<doc>Waits until the element ``locator`` contains ``text``.</doc>
<status status="PASS" start="2026-07-04T22:42:25.129942" elapsed="0.013283"/>
</kw>
<kw name="Take Screenshot Step" owner="steps">
<kw name="Create Directory" owner="OperatingSystem">
<msg time="2026-07-04T22:42:25.143807" level="INFO" html="true">Directory '&lt;a href="file://C:\Users\Batel\Documents\github\case-automacao\1 - Web\results\screenshots"&gt;C:\Users\Batel\Documents\github\case-automacao\1 - Web\results\screenshots&lt;/a&gt;' already exists.</msg>
<arg>${SCREENSHOT_DIR}</arg>
<doc>Creates the specified directory.</doc>
<status status="PASS" start="2026-07-04T22:42:25.143627" elapsed="0.000269"/>
</kw>
<kw name="Capture Page Screenshot" owner="SeleniumLibrary">
<msg time="2026-07-04T22:42:25.184432" level="INFO" html="true">&lt;/td&gt;&lt;/tr&gt;&lt;tr&gt;&lt;td colspan="3"&gt;&lt;a href="results/screenshots/cart_with_item.png"&gt;&lt;img src="results/screenshots/cart_with_item.png" width="800px"&gt;&lt;/a&gt;</msg>
<arg>${SCREENSHOT_DIR}/${name}.png</arg>
<doc>Takes a screenshot of the current page and embeds it into a log file.</doc>
<status status="PASS" start="2026-07-04T22:42:25.144069" elapsed="0.040452"/>
</kw>
<arg>cart_with_item</arg>
<status status="PASS" start="2026-07-04T22:42:25.143407" elapsed="0.041192"/>
</kw>
<status status="PASS" start="2026-07-04T22:42:25.067417" elapsed="0.117230"/>
</kw>
<kw name="Open Cart" owner="steps">
<kw name="Click Link" owner="SeleniumLibrary">
<msg time="2026-07-04T22:42:25.185255" level="INFO">Clicking link 'xpath://a[@class='shopping_cart_link']'.</msg>
<arg>${CART_LINK}</arg>
<doc>Clicks a link identified by ``locator``.</doc>
<status status="PASS" start="2026-07-04T22:42:25.185084" elapsed="0.042949"/>
</kw>
<kw name="Wait Until Page Contains" owner="SeleniumLibrary">
<arg>${CART_TITLE}</arg>
<doc>Waits until ``text`` appears on the current page.</doc>
<status status="PASS" start="2026-07-04T22:42:25.228195" elapsed="0.028235"/>
</kw>
<kw name="Page Should Contain" owner="SeleniumLibrary">
<msg time="2026-07-04T22:42:25.263368" level="INFO">Current page contains text 'Sauce Labs Backpack'.</msg>
<arg>${CART_ITEM_NAME}</arg>
<doc>Verifies that current page contains ``text``.</doc>
<status status="PASS" start="2026-07-04T22:42:25.256583" elapsed="0.006849"/>
</kw>
<kw name="Take Screenshot Step" owner="steps">
<kw name="Create Directory" owner="OperatingSystem">
<msg time="2026-07-04T22:42:25.264052" level="INFO" html="true">Directory '&lt;a href="file://C:\Users\Batel\Documents\github\case-automacao\1 - Web\results\screenshots"&gt;C:\Users\Batel\Documents\github\case-automacao\1 - Web\results\screenshots&lt;/a&gt;' already exists.</msg>
<arg>${SCREENSHOT_DIR}</arg>
<doc>Creates the specified directory.</doc>
<status status="PASS" start="2026-07-04T22:42:25.263844" elapsed="0.000262"/>
</kw>
<kw name="Capture Page Screenshot" owner="SeleniumLibrary">
<msg time="2026-07-04T22:42:25.284863" level="INFO" html="true">&lt;/td&gt;&lt;/tr&gt;&lt;tr&gt;&lt;td colspan="3"&gt;&lt;a href="results/screenshots/cart_page.png"&gt;&lt;img src="results/screenshots/cart_page.png" width="800px"&gt;&lt;/a&gt;</msg>
<arg>${SCREENSHOT_DIR}/${name}.png</arg>
<doc>Takes a screenshot of the current page and embeds it into a log file.</doc>
<status status="PASS" start="2026-07-04T22:42:25.264208" elapsed="0.020752"/>
</kw>
<arg>cart_page</arg>
<status status="PASS" start="2026-07-04T22:42:25.263608" elapsed="0.021437"/>
</kw>
<status status="PASS" start="2026-07-04T22:42:25.184876" elapsed="0.100218"/>
</kw>
<kw name="Finish Checkout" owner="steps">
<kw name="Click Button" owner="SeleniumLibrary">
<msg time="2026-07-04T22:42:25.285718" level="INFO">Clicking button 'id:checkout'.</msg>
<arg>${CHECKOUT_BUTTON}</arg>
<doc>Clicks the button identified by ``locator``.</doc>
<status status="PASS" start="2026-07-04T22:42:25.285544" elapsed="0.042002"/>
</kw>
<kw name="Input Text" owner="SeleniumLibrary">
<msg time="2026-07-04T22:42:25.327976" level="INFO">Typing text 'Joao' into text field 'id:first-name'.</msg>
<arg>${FIRST_NAME_INPUT}</arg>
<arg>${FIRST_NAME}</arg>
<doc>Types the given ``text`` into the text field identified by ``locator``.</doc>
<status status="PASS" start="2026-07-04T22:42:25.327722" elapsed="0.064543"/>
</kw>
<kw name="Input Text" owner="SeleniumLibrary">
<msg time="2026-07-04T22:42:25.392684" level="INFO">Typing text 'Silva' into text field 'id:last-name'.</msg>
<arg>${LAST_NAME_INPUT}</arg>
<arg>${LAST_NAME}</arg>
<doc>Types the given ``text`` into the text field identified by ``locator``.</doc>
<status status="PASS" start="2026-07-04T22:42:25.392434" elapsed="0.053785"/>
</kw>
<kw name="Input Text" owner="SeleniumLibrary">
<msg time="2026-07-04T22:42:25.446668" level="INFO">Typing text '12345' into text field 'id:postal-code'.</msg>
<arg>${ZIP_CODE_INPUT}</arg>
<arg>${ZIP_CODE}</arg>
<doc>Types the given ``text`` into the text field identified by ``locator``.</doc>
<status status="PASS" start="2026-07-04T22:42:25.446393" elapsed="0.053028"/>
</kw>
<kw name="Click Button" owner="SeleniumLibrary">
<msg time="2026-07-04T22:42:25.499776" level="INFO">Clicking button 'id:continue'.</msg>
<arg>${CONTINUE_BUTTON}</arg>
<doc>Clicks the button identified by ``locator``.</doc>
<status status="PASS" start="2026-07-04T22:42:25.499573" elapsed="0.043078"/>
</kw>
<kw name="Take Screenshot Step" owner="steps">
<kw name="Create Directory" owner="OperatingSystem">
<msg time="2026-07-04T22:42:25.543330" level="INFO" html="true">Directory '&lt;a href="file://C:\Users\Batel\Documents\github\case-automacao\1 - Web\results\screenshots"&gt;C:\Users\Batel\Documents\github\case-automacao\1 - Web\results\screenshots&lt;/a&gt;' already exists.</msg>
<arg>${SCREENSHOT_DIR}</arg>
<doc>Creates the specified directory.</doc>
<status status="PASS" start="2026-07-04T22:42:25.543139" elapsed="0.000251"/>
</kw>
<kw name="Capture Page Screenshot" owner="SeleniumLibrary">
<msg time="2026-07-04T22:42:25.568668" level="INFO" html="true">&lt;/td&gt;&lt;/tr&gt;&lt;tr&gt;&lt;td colspan="3"&gt;&lt;a href="results/screenshots/checkout_overview.png"&gt;&lt;img src="results/screenshots/checkout_overview.png" width="800px"&gt;&lt;/a&gt;</msg>
<arg>${SCREENSHOT_DIR}/${name}.png</arg>
<doc>Takes a screenshot of the current page and embeds it into a log file.</doc>
<status status="PASS" start="2026-07-04T22:42:25.543499" elapsed="0.025268"/>
</kw>
<arg>checkout_overview</arg>
<status status="PASS" start="2026-07-04T22:42:25.542870" elapsed="0.025983"/>
</kw>
<kw name="Wait Until Location Contains" owner="SeleniumLibrary">
<arg>/checkout-step-two.html</arg>
<doc>Waits until the current URL contains ``expected``.</doc>
<status status="PASS" start="2026-07-04T22:42:25.568967" elapsed="0.005767"/>
</kw>
<kw name="Wait Until Page Contains" owner="SeleniumLibrary">
<arg>Payment Information</arg>
<doc>Waits until ``text`` appears on the current page.</doc>
<status status="PASS" start="2026-07-04T22:42:25.574888" elapsed="0.007071"/>
</kw>
<kw name="Click Button" owner="SeleniumLibrary">
<msg time="2026-07-04T22:42:25.582393" level="INFO">Clicking button 'xpath://button[contains(., 'Finish')]'.</msg>
<arg>xpath://button[contains(., 'Finish')]</arg>
<doc>Clicks the button identified by ``locator``.</doc>
<status status="PASS" start="2026-07-04T22:42:25.582173" elapsed="0.059031"/>
</kw>
<kw name="Wait Until Page Contains" owner="SeleniumLibrary">
<msg time="2026-07-04T22:42:30.773047" level="INFO" html="true">&lt;/td&gt;&lt;/tr&gt;&lt;tr&gt;&lt;td colspan="3"&gt;&lt;a href="selenium-screenshot-1.png"&gt;&lt;img src="selenium-screenshot-1.png" width="800px"&gt;&lt;/a&gt;</msg>
<msg time="2026-07-04T22:42:30.773195" level="FAIL">Text 'Thank you for your order!' did not appear in 5 seconds.</msg>
<arg>${CHECKOUT_COMPLETE_MESSAGE}</arg>
<doc>Waits until ``text`` appears on the current page.</doc>
<status status="FAIL" start="2026-07-04T22:42:25.641354" elapsed="5.169279">Text 'Thank you for your order!' did not appear in 5 seconds.</status>
</kw>
<kw name="Take Screenshot Step" owner="steps">
<arg>checkout_complete</arg>
<status status="NOT RUN" start="2026-07-04T22:42:30.810851" elapsed="0.000039"/>
</kw>
<status status="FAIL" start="2026-07-04T22:42:25.285344" elapsed="5.525653">Text 'Thank you for your order!' did not appear in 5 seconds.</status>
</kw>
<kw name="Close SauceDemo Session" owner="steps" type="TEARDOWN">
<kw name="Take Screenshot Step" owner="steps">
<kw name="Create Directory" owner="OperatingSystem">
<msg time="2026-07-04T22:42:30.811895" level="INFO" html="true">Directory '&lt;a href="file://C:\Users\Batel\Documents\github\case-automacao\1 - Web\results\screenshots"&gt;C:\Users\Batel\Documents\github\case-automacao\1 - Web\results\screenshots&lt;/a&gt;' already exists.</msg>
<arg>${SCREENSHOT_DIR}</arg>
<doc>Creates the specified directory.</doc>
<status status="PASS" start="2026-07-04T22:42:30.811703" elapsed="0.000269"/>
</kw>
<kw name="Capture Page Screenshot" owner="SeleniumLibrary">
<msg time="2026-07-04T22:42:30.838423" level="INFO" html="true">&lt;/td&gt;&lt;/tr&gt;&lt;tr&gt;&lt;td colspan="3"&gt;&lt;a href="results/screenshots/session_closed.png"&gt;&lt;img src="results/screenshots/session_closed.png" width="800px"&gt;&lt;/a&gt;</msg>
<arg>${SCREENSHOT_DIR}/${name}.png</arg>
<doc>Takes a screenshot of the current page and embeds it into a log file.</doc>
<status status="PASS" start="2026-07-04T22:42:30.812067" elapsed="0.026443"/>
</kw>
<arg>session_closed</arg>
<status status="PASS" start="2026-07-04T22:42:30.811517" elapsed="0.027069"/>
</kw>
<kw name="Close Browser" owner="SeleniumLibrary">
<doc>Closes the current browser.</doc>
<status status="PASS" start="2026-07-04T22:42:30.838695" elapsed="2.114886"/>
</kw>
<status status="PASS" start="2026-07-04T22:42:30.811281" elapsed="2.142404"/>
</kw>
<doc>Adicionar item ao carrinho, preencher informações de checkout e finalizar a compra</doc>
<tag>CT04</tag>
<tag>regressivo</tag>
<status status="FAIL" start="2026-07-04T22:42:23.258046" elapsed="9.695775">Text 'Thank you for your order!' did not appear in 5 seconds.</status>
</test>
<status status="FAIL" start="2026-07-04T22:42:09.417985" elapsed="23.536386"/>
</suite>
<statistics>
<total>
<stat pass="3" fail="1" skip="0">All Tests</stat>
</total>
<tag>
<stat pass="1" fail="0" skip="0">CT01</stat>
<stat pass="1" fail="0" skip="0">CT02</stat>
<stat pass="1" fail="0" skip="0">CT03</stat>
<stat pass="0" fail="1" skip="0">CT04</stat>
<stat pass="1" fail="1" skip="0">regressivo</stat>
</tag>
<suite>
<stat name="Automacao" id="s1" pass="3" fail="1" skip="0">Automacao</stat>
</suite>
</statistics>
<errors>
</errors>
</robot>
